D:\MLOPSPROJECT2\mlops-capstone\.venv\Lib\site-packages\pydantic\_internal\_generate_schema.py:2249: UnsupportedFieldAttributeWarning: The 'repr' attribute with value False was provided to the `Field()` function, which has no effect in the context it was used. 'repr' is field-specific metadata, and can only be attached to a model field using `Annotated` metadata or by assignment. This may have happened because an `Annotated` type alias using the `type` statement was used, or if the `Field()` function was attached to a single member of a union type.
  warnings.warn(
D:\MLOPSPROJECT2\mlops-capstone\.venv\Lib\site-packages\pydantic\_internal\_generate_schema.py:2249: UnsupportedFieldAttributeWarning: The 'frozen' attribute with value True was provided to the `Field()` function, which has no effect in the context it was used. 'frozen' is field-specific metadata, and can only be attached to a model field using `Annotated` metadata or by assignment. This may have happened because an `Annotated` type alias using the `type` statement was used, or if the `Field()` function was attached to a single member of a union type.
  warnings.warn(
INFO:     Started server process [21580]
INFO:     Waiting for application startup.
wandb:   1 of 1 files downloaded.  
INFO:     Application startup complete.
INFO:     Uvicorn running on http://127.0.0.1:8000 (Press CTRL+C to quit)
D:\MLOPSPROJECT2\mlops-capstone\.venv\Lib\site-packages\sklearn\utils\validation.py:2749: UserWarning: X does not have valid feature names, but StandardScaler was fitted with feature names
  warnings.warn(
D:\MLOPSPROJECT2\mlops-capstone\.venv\Lib\site-packages\sklearn\utils\validation.py:2749: UserWarning: X does not have valid feature names, but StandardScaler was fitted with feature names
  warnings.warn(
D:\MLOPSPROJECT2\mlops-capstone\.venv\Lib\site-packages\sklearn\utils\validation.py:2749: UserWarning: X does not have valid feature names, but StandardScaler was fitted with feature names
  warnings.warn(
D:\MLOPSPROJECT2\mlops-capstone\.venv\Lib\site-packages\sklearn\utils\validation.py:2749: UserWarning: X does not have valid feature names, but StandardScaler was fitted with feature names
  warnings.warn(
D:\MLOPSPROJECT2\mlops-capstone\.venv\Lib\site-packages\sklearn\utils\validation.py:2749: UserWarning: X does not have valid feature names, but StandardScaler was fitted with feature names
  warnings.warn(
D:\MLOPSPROJECT2\mlops-capstone\.venv\Lib\site-packages\sklearn\utils\validation.py:2749: UserWarning: X does not have valid feature names, but StandardScaler was fitted with feature names
  warnings.warn(
D:\MLOPSPROJECT2\mlops-capstone\.venv\Lib\site-packages\sklearn\utils\validation.py:2749: UserWarning: X does not have valid feature names, but StandardScaler was fitted with feature names
  warnings.warn(
D:\MLOPSPROJECT2\mlops-capstone\.venv\Lib\site-packages\sklearn\utils\validation.py:2749: UserWarning: X does not have valid feature names, but StandardScaler was fitted with feature names
  warnings.warn(
D:\MLOPSPROJECT2\mlops-capstone\.venv\Lib\site-packages\sklearn\utils\validation.py:2749: UserWarning: X does not have valid feature names, but StandardScaler was fitted with feature names
  warnings.warn(
D:\MLOPSPROJECT2\mlops-capstone\.venv\Lib\site-packages\sklearn\utils\validation.py:2749: UserWarning: X does not have valid feature names, but StandardScaler was fitted with feature names
  warnings.warn(
D:\MLOPSPROJECT2\mlops-capstone\.venv\Lib\site-packages\sklearn\utils\validation.py:2749: UserWarning: X does not have valid feature names, but StandardScaler was fitted with feature names
  warnings.warn(
D:\MLOPSPROJECT2\mlops-capstone\.venv\Lib\site-packages\sklearn\utils\validation.py:2749: UserWarning: X does not have valid feature names, but StandardScaler was fitted with feature names
  warnings.warn(
D:\MLOPSPROJECT2\mlops-capstone\.venv\Lib\site-packages\sklearn\utils\validation.py:2749: UserWarning: X does not have valid feature names, but StandardScaler was fitted with feature names
  warnings.warn(
D:\MLOPSPROJECT2\mlops-capstone\.venv\Lib\site-packages\sklearn\utils\validation.py:2749: UserWarning: X does not have valid feature names, but StandardScaler was fitted with feature names
  warnings.warn(
D:\MLOPSPROJECT2\mlops-capstone\.venv\Lib\site-packages\sklearn\utils\validation.py:2749: UserWarning: X does not have valid feature names, but StandardScaler was fitted with feature names
  warnings.warn(
D:\MLOPSPROJECT2\mlops-capstone\.venv\Lib\site-packages\sklearn\utils\validation.py:2749: UserWarning: X does not have valid feature names, but StandardScaler was fitted with feature names
  warnings.warn(
D:\MLOPSPROJECT2\mlops-capstone\.venv\Lib\site-packages\sklearn\utils\validation.py:2749: UserWarning: X does not have valid feature names, but StandardScaler was fitted with feature names
  warnings.warn(
D:\MLOPSPROJECT2\mlops-capstone\.venv\Lib\site-packages\sklearn\utils\validation.py:2749: UserWarning: X does not have valid feature names, but StandardScaler was fitted with feature names
  warnings.warn(
